Rendering to 1024x1024 image
Loaded scene with 3 circles
Loaded scene with 3 circles
---------------------------------------------------------
Initializing CUDA for CudaRenderer
Found 1 CUDA devices
Device 0: NVIDIA GeForce GTX 1650
   SMs:        14
   Global mem: 4096 MB
   CUDA Cap:   7.5
---------------------------------------------------------

Running benchmark, 1 frames, beginning at frame 0 ...
Dumping frames to logs/output_xxx.ppm
Num blocks = 14, num threads per block = 1024 
Copying image data from device
Wrote image file logs/output_0000.ppm
Copying image data from device
***************** Correctness check passed **************************
Clear:    0.9018 ms
Advance:  0.0015 ms
Render:   0.5350 ms
Total:    1.4382 ms
File IO:  352.3303 ms

Overall:  0.3861 sec (note units are seconds)
