Rendering to 1024x1024 image
Loaded scene with 10000 circles
Loaded scene with 10000 circles
---------------------------------------------------------
Initializing CUDA for CudaRenderer
Found 1 CUDA devices
Device 0: NVIDIA T4G
   SMs:        40
   Global mem: 14918 MB
   CUDA Cap:   7.5
---------------------------------------------------------

Running benchmark, 1 frames, beginning at frame 0 ...
Dumping frames to logs/output_xxx.ppm
Time for kernelFillDatastructure: 1.66 ms
Time for kernelRenderPixels: 31.24 ms
Copying image data from device
Wrote image file logs/output_0000.ppm
Copying image data from device
***************** Correctness check passed **************************
Clear:    0.1349 ms
Advance:  0.0019 ms
Render:   33.4036 ms
Total:    33.5405 ms
File IO:  86.3072 ms

Overall:  8.8770 sec (note units are seconds)
