Rendering to 1024x1024 image
Loaded scene with 10000 circles
Loaded scene with 10000 circles
---------------------------------------------------------
Initializing CUDA for CudaRenderer
Found 1 CUDA devices
Device 0: NVIDIA T4G
   SMs:        40
   Global mem: 14918 MB
   CUDA Cap:   7.5
---------------------------------------------------------

Running benchmark, 1 frames, beginning at frame 0 ...
Dumping frames to logs/output_xxx.ppm
Time for kernelFillDatastructure: 1.49 ms
Time for kernelRenderPixels: 2.87 ms
Copying image data from device
Wrote image file logs/output_0000.ppm
Copying image data from device
***************** Correctness check passed **************************
Clear:    0.1483 ms
Advance:  0.0019 ms
Render:   4.8600 ms
Total:    5.0103 ms
File IO:  87.0767 ms

Overall:  0.7017 sec (note units are seconds)
