Rendering to 1024x1024 image
Loaded scene with 1000000 circles
Loaded scene with 1000000 circles
---------------------------------------------------------
Initializing CUDA for CudaRenderer
Found 1 CUDA devices
Device 0: NVIDIA T4G
   SMs:        40
   Global mem: 14918 MB
   CUDA Cap:   7.5
---------------------------------------------------------

Running benchmark, 1 frames, beginning at frame 0 ...
Dumping frames to logs/output_xxx.ppm
Copying image data from device
Wrote image file logs/output_0000.ppm
Copying image data from device
***************** Correctness check passed **************************
Clear:    0.1479 ms
Advance:  0.0025 ms
Render:   81.7323 ms
Total:    81.8828 ms
File IO:  86.8647 ms

Overall:  4.1765 sec (note units are seconds)
