Rendering to 1024x1024 image
Loaded scene with 1217 circles
Loaded scene with 1217 circles
---------------------------------------------------------
Initializing CUDA for CudaRenderer
Found 1 CUDA devices
Device 0: NVIDIA T4G
   SMs:        40
   Global mem: 14918 MB
   CUDA Cap:   7.5
---------------------------------------------------------

Running benchmark, 1 frames, beginning at frame 0 ...
Dumping frames to logs/output_xxx.ppm
Time for kernelFillDatastructure: 0.22 ms
Time for kernelRenderPixels: 0.19 ms
Copying image data from device
Wrote image file logs/output_0000.ppm
Copying image data from device
***************** Correctness check passed **************************
Clear:    0.1389 ms
Advance:  0.0020 ms
Render:   0.5080 ms
Total:    0.6488 ms
File IO:  85.8279 ms

Overall:  0.1139 sec (note units are seconds)
